<?xml version="1.0" encoding="UTF-8"?>
<!-- Generated by org.testng.reporters.JUnitReportReporter -->
<testsuite hostname="LAPTOP-Anu7" failures="0" tests="1" name="pomdemo.ActualTCTN" time="1.209" errors="0" timestamp="2025-07-25T13:44:49 IST" skipped="0">
  <testcase classname="pomdemo.ActualTCTN" name="test1" time="1.209"/>
</testsuite> <!-- pomdemo.ActualTCTN -->
