<?xml version="1.0" encoding="UTF-8"?>
<!-- Generated by org.testng.reporters.JUnitReportReporter -->
<testsuite hostname="LAPTOP-Anu7" failures="0" tests="1" name="pomdemo.ActualIH" time="0.228" errors="0" timestamp="2025-07-25T13:45:32 IST" skipped="0">
  <testcase classname="pomdemo.ActualIH" name="test1" time="0.228"/>
</testsuite> <!-- pomdemo.ActualIH -->
