<?xml version="1.0" encoding="UTF-8"?>
<!-- Generated by org.testng.reporters.JUnitReportReporter -->
<testsuite hostname="LAPTOP-Anu7" failures="0" tests="1" name="pomdemo.ActualTestCase" time="5.015" errors="0" timestamp="2025-07-25T14:21:09 IST" skipped="0">
  <testcase classname="pomdemo.ActualTestCase" name="test1" time="5.015"/>
</testsuite> <!-- pomdemo.ActualTestCase -->
